Arguments: 
  /home/radek/.asdf/installs/nodejs/9.10.1/bin/node /home/radek/.nvm/versions/node/v9.8.0/bin/yarn start

PATH: 
  /home/radek/.asdf/shims:/home/radek/.asdf/bin:/home/radek/bin:/home/radek/.cask/bin:/home/radek/.rbenv/shims:/home/radek/.rbenv/bin:/home/radek/.nvm/versions/node/v9.8.0/bin:/home/radek/bin:/home/radek/.cask/bin:/home/radek/.rbenv/shims:/home/radek/.rbenv/bin:/usr/local/sbin:/usr/local/bin:/usr/bin:/usr/lib/jvm/default/bin:/usr/bin/site_perl:/usr/bin/vendor_perl:/usr/bin/core_perl:/home/radek/go/bin:/home/radek/.yarn/bin:/usr/lib/jvm/default/bin:/usr/bin/site_perl:/usr/bin/vendor_perl:/usr/bin/core_perl:/home/radek/go/bin:/home/radek/.yarn/bin

Yarn version: 
  1.5.1

Node version: 
  9.10.1

Platform: 
  linux x64

npm manifest: 
  {
    "name": "AttachPullRequest-intents",
    "version": "0.0.1",
    "description": "AttachPullRequest intents",
    "main": "index.js",
    "dependencies": {
      "@apizi/intents": "latest",
      "axios": "^0.18.0"
    },
    "license": "MIT"
  }

yarn manifest: 
  No manifest

Lockfile: 
  # THIS IS AN AUTOGENERATED FILE. DO NOT EDIT THIS FILE DIRECTLY.
  # yarn lockfile v1
  
  
  "@apizi/intents@latest":
    version "0.6.11"
    resolved "https://registry.yarnpkg.com/@apizi/intents/-/intents-0.6.11.tgz#5c612c24b1c3110d9b73624ba2d3c7b37f5f596e"
  
  axios@^0.18.0:
    version "0.18.0"
    resolved "https://registry.yarnpkg.com/axios/-/axios-0.18.0.tgz#32d53e4851efdc0a11993b6cd000789d70c05102"
    dependencies:
      follow-redirects "^1.3.0"
      is-buffer "^1.1.5"
  
  debug@^3.1.0:
    version "3.1.0"
    resolved "https://registry.yarnpkg.com/debug/-/debug-3.1.0.tgz#5bb5a0672628b64149566ba16819e61518c67261"
    dependencies:
      ms "2.0.0"
  
  follow-redirects@^1.3.0:
    version "1.5.0"
    resolved "https://registry.yarnpkg.com/follow-redirects/-/follow-redirects-1.5.0.tgz#234f49cf770b7f35b40e790f636ceba0c3a0ab77"
    dependencies:
      debug "^3.1.0"
  
  is-buffer@^1.1.5:
    version "1.1.6"
    resolved "https://registry.yarnpkg.com/is-buffer/-/is-buffer-1.1.6.tgz#efaa2ea9daa0d7ab2ea13a97b2b8ad51fefbe8be"
  
  ms@2.0.0:
    version "2.0.0"
    resolved "https://registry.yarnpkg.com/ms/-/ms-2.0.0.tgz#5608aeadfc00be6c2901df5f9861788de0d597c8"

Trace: 
  Error: Command "start" not found.
      at new MessageError (/home/radek/.nvm/versions/node/v9.8.0/lib/node_modules/yarn/lib/cli.js:186:110)
      at /home/radek/.nvm/versions/node/v9.8.0/lib/node_modules/yarn/lib/cli.js:87307:17
      at Generator.next (<anonymous>)
      at step (/home/radek/.nvm/versions/node/v9.8.0/lib/node_modules/yarn/lib/cli.js:98:30)
      at /home/radek/.nvm/versions/node/v9.8.0/lib/node_modules/yarn/lib/cli.js:116:14
      at new Promise (<anonymous>)
      at new F (/home/radek/.nvm/versions/node/v9.8.0/lib/node_modules/yarn/lib/cli.js:23451:28)
      at /home/radek/.nvm/versions/node/v9.8.0/lib/node_modules/yarn/lib/cli.js:95:12
      at runCommand (/home/radek/.nvm/versions/node/v9.8.0/lib/node_modules/yarn/lib/cli.js:87312:22)
      at Object.<anonymous> (/home/radek/.nvm/versions/node/v9.8.0/lib/node_modules/yarn/lib/cli.js:87412:14)
